<?xml version="1.0" encoding="UTF-8"?>
<!-- Generated by org.testng.reporters.JUnitReportReporter -->
<testsuite skipped="0" hostname="DESKTOP-H0SHG5R" name="tests.TestApp" tests="3" failures="0" timestamp="2022-10-15T03:29:23 IST" time="10.301" errors="0">
  <testcase name="Test1" time="10.291" classname="tests.TestApp"/>
  <system-out/>
  <testcase name="ResponseProductId" time="0.008" classname="tests.TestApp"/>
  <system-out/>
  <testcase name="ResponseProductIdFalse" time="0.002" classname="tests.TestApp"/>
  <system-out/>
</testsuite> <!-- tests.TestApp -->
