<?xml version="1.0" encoding="UTF-8"?>
<!-- Generated by org.testng.reporters.JUnitReportReporter -->
<testsuite skipped="0" hostname="DESKTOP-H0SHG5R" name="tests.TestApp" tests="3" failures="0" timestamp="14 Oct 2022 22:01:18 GMT" time="5.470" errors="0">
  <testcase name="ResponseProductId" time="0.008" classname="tests.TestApp"/>
  <testcase name="ResponseProductIdFalse" time="0.001" classname="tests.TestApp"/>
  <testcase name="Test1" time="5.461" classname="tests.TestApp"/>
</testsuite> <!-- tests.TestApp -->
